<?xml version="1.0" encoding="UTF-8"?>
<!-- Generated by org.testng.reporters.JUnitXMLReporter -->
<testsuite ignored="0" hostname="M5422903" failures="0" tests="4" name="Default test" time="20.532" errors="0" timestamp="2024-04-01T09:29:59 IST">
  <testcase classname="reporterPkg.TestWithMultipleScreenShot" name="TC1" time="4.684"/>
  <testcase classname="reporterPkg.TestWithMultipleScreenShot" name="TC2" time="5.175"/>
  <testcase classname="reporterPkg.TestWithMultipleScreenShot" name="TC3" time="5.579"/>
  <testcase classname="reporterPkg.TestWithMultipleScreenShot" name="TC4" time="5.036"/>
</testsuite> <!-- Default test -->
